<?xml version="1.0" encoding="UTF-8"?>
<!-- Generated by org.testng.reporters.JUnitXMLReporter -->
<testsuite hostname="bittechs-imac-3.lan" ignored="2" name="anything" tests="1" failures="0" timestamp="15 Oct 2018 23:39:00 GMT" time="0.044" errors="0">
  <testcase name="@BeforeMethod beforeMethod" time="0.0" classname="com.bit.ui.test.BaseTest">
    <failure type="org.testng.TestNGException" message="
Parameter &amp;apos;browser&amp;apos; is required by BeforeMethod on method beforeMethod but has not been marked @Optional or defined
in /Users/bittechconsulting/Desktop/RemoteRepo/TestNGFramework/src/test/java/testng.xml">
      <![CDATA[org.testng.TestNGException: 
Parameter 'browser' is required by BeforeMethod on method beforeMethod but has not been marked @Optional or defined
in /Users/bittechconsulting/Desktop/RemoteRepo/TestNGFramework/src/test/java/testng.xml
... Removed 25 stack frames]]>
    </failure>
  </testcase> <!-- @BeforeMethod beforeMethod -->
  <testcase name="@AfterMethod afterMethod" time="0.0" classname="com.bit.ui.test.BaseTest">
    <skipped/>
  </testcase> <!-- @AfterMethod afterMethod -->
  <testcase name="goYahoo" time="0.0" classname="com.bit.ui.test.SmokeTest">
    <skipped/>
  </testcase> <!-- goYahoo -->
  <testcase name="test2" time="0.0" classname="com.bit.ui.test.SmokeTest">
    <ignored/>
  </testcase> <!-- test2 -->
  <testcase name="test1" time="0.0" classname="com.bit.ui.test.SmokeTest">
    <ignored/>
  </testcase> <!-- test1 -->
</testsuite> <!-- anything -->
